TN:
SF:D:\practica\atmira\simple-dashboard\src\polyfills.ts
FNF:0
FNH:0
LF:0
LH:0
BRF:0
BRH:0
end_of_record
TN:
SF:D:\practica\atmira\simple-dashboard\src\test.ts
FNF:0
FNH:0
DA:18,1
DA:23,1
DA:25,1
LF:3
LH:3
BRF:0
BRH:0
end_of_record
TN:
SF:D:\practica\atmira\simple-dashboard\src\app\app.component.ts
FN:13,(anonymous_0)
FN:15,(anonymous_1)
FN:19,(anonymous_2)
FN:24,(anonymous_3)
FN:28,(anonymous_4)
FNF:5
FNH:4
FNDA:4,(anonymous_0)
FNDA:2,(anonymous_1)
FNDA:3,(anonymous_2)
FNDA:12,(anonymous_3)
FNDA:0,(anonymous_4)
DA:9,1
DA:10,4
DA:11,4
DA:13,4
DA:16,2
DA:20,3
DA:22,3
DA:23,18
DA:25,12
DA:26,12
DA:28,0
LF:11
LH:10
BRF:0
BRH:0
end_of_record
TN:
SF:D:\practica\atmira\simple-dashboard\src\app\components\dashboard\dashboard.component.ts
FN:13,(anonymous_0)
FN:15,(anonymous_1)
FNF:2
FNH:2
FNDA:1,(anonymous_0)
FNDA:1,(anonymous_1)
DA:10,1
DA:11,1
DA:13,1
DA:16,1
LF:4
LH:4
BRF:0
BRH:0
end_of_record
TN:
SF:D:\practica\atmira\simple-dashboard\src\app\components\detail\detail.component.ts
FN:16,(anonymous_0)
FN:22,(anonymous_1)
FN:24,(anonymous_2)
FNF:3
FNH:3
FNDA:2,(anonymous_0)
FNDA:3,(anonymous_1)
FNDA:1,(anonymous_2)
DA:13,1
DA:17,2
DA:18,2
DA:19,2
DA:23,3
DA:24,3
LF:6
LH:6
BRF:0
BRH:0
end_of_record
TN:
SF:D:\practica\atmira\simple-dashboard\src\app\services\data-list\data-list.service.ts
FN:12,(anonymous_0)
FN:15,(anonymous_1)
FNF:2
FNH:2
FNDA:8,(anonymous_0)
FNDA:8,(anonymous_1)
DA:7,1
DA:9,8
DA:10,8
DA:13,8
DA:16,8
LF:5
LH:5
BRF:0
BRH:0
end_of_record
